Build started 11/20/2014 3:58:10 PM.
Project "C:\Users\Spencer\Documents\Homework\CS225a\tetrisbot\simple_client_2014\PumaClient.vcxproj" on node 2 (build target(s)).
InitializeBuildStatus:
  Touching "Debug\PumaClient.unsuccessfulbuild".
ClCompile:
  c:\Program Files (x86)\Microsoft Visual Studio 10.0\VC\bin\CL.exe /c /I.\include /I.\Robot /I\include /ZI /nologo /W3 /WX- /Od /Oy- /D WIN32 /D _DEBUG /D _CONSOLE /D _VC80_UPGRADE=0x0710 /D _MBCS /Gm /EHsc /RTC1 /MTd /GS /fp:precise /Zc:wchar_t /Zc:forScope /openmp /Fo"Debug\\" /Fd"Debug\vc100.pdb" /Gd /TP /analyze- /errorReport:prompt PumaClient.cpp
  PumaClient.cpp
c:\users\spencer\documents\homework\cs225a\tetrisbot\simple_client_2014\robot\unitmsg.h(123): warning C4996: 'strncpy': This function or variable may be unsafe. Consider using strncpy_s instead. To disable deprecation, use _CRT_SECURE_NO_WARNINGS. See online help for details.
          c:\program files (x86)\microsoft visual studio 10.0\vc\include\string.h(188) : see declaration of 'strncpy'
c:\users\spencer\documents\homework\cs225a\tetrisbot\simple_client_2014\include\param.h(15): warning C4305: 'initializing' : truncation from 'double' to 'const Float'
c:\users\spencer\documents\homework\cs225a\tetrisbot\simple_client_2014\include\param.h(20): warning C4305: 'initializing' : truncation from 'double' to 'const Float'
c:\users\spencer\documents\homework\cs225a\tetrisbot\simple_client_2014\include\param.h(21): warning C4305: 'initializing' : truncation from 'double' to 'const Float'
c:\users\spencer\documents\homework\cs225a\tetrisbot\simple_client_2014\include\param.h(22): warning C4305: 'initializing' : truncation from 'double' to 'const Float'
c:\users\spencer\documents\homework\cs225a\tetrisbot\simple_client_2014\include\param.h(23): warning C4305: 'initializing' : truncation from 'double' to 'const Float'
c:\users\spencer\documents\homework\cs225a\tetrisbot\simple_client_2014\include\param.h(30): warning C4305: 'initializing' : truncation from 'double' to 'const Float'
c:\users\spencer\documents\homework\cs225a\tetrisbot\simple_client_2014\include\param.h(31): warning C4305: 'initializing' : truncation from 'double' to 'const Float'
c:\users\spencer\documents\homework\cs225a\tetrisbot\simple_client_2014\include\param.h(32): warning C4305: 'initializing' : truncation from 'double' to 'const Float'
c:\users\spencer\documents\homework\cs225a\tetrisbot\simple_client_2014\include\param.h(38): warning C4305: 'initializing' : truncation from 'double' to 'const Float'
c:\users\spencer\documents\homework\cs225a\tetrisbot\simple_client_2014\include\param.h(39): warning C4305: 'initializing' : truncation from 'double' to 'const Float'
c:\users\spencer\documents\homework\cs225a\tetrisbot\simple_client_2014\include\param.h(40): warning C4305: 'initializing' : truncation from 'double' to 'const Float'
c:\users\spencer\documents\homework\cs225a\tetrisbot\simple_client_2014\include\param.h(41): warning C4305: 'initializing' : truncation from 'double' to 'const Float'
c:\users\spencer\documents\homework\cs225a\tetrisbot\simple_client_2014\include\param.h(42): warning C4305: 'initializing' : truncation from 'double' to 'const Float'
c:\users\spencer\documents\homework\cs225a\tetrisbot\simple_client_2014\include\param.h(43): warning C4305: 'initializing' : truncation from 'double' to 'const Float'
c:\users\spencer\documents\homework\cs225a\tetrisbot\simple_client_2014\include\param.h(49): warning C4305: 'initializing' : truncation from 'double' to 'const Float'
c:\users\spencer\documents\homework\cs225a\tetrisbot\simple_client_2014\include\param.h(50): warning C4305: 'initializing' : truncation from 'double' to 'const Float'
c:\users\spencer\documents\homework\cs225a\tetrisbot\simple_client_2014\include\param.h(51): warning C4305: 'initializing' : truncation from 'double' to 'const Float'
c:\users\spencer\documents\homework\cs225a\tetrisbot\simple_client_2014\include\param.h(52): warning C4305: 'initializing' : truncation from 'double' to 'const Float'
c:\users\spencer\documents\homework\cs225a\tetrisbot\simple_client_2014\include\param.h(53): warning C4305: 'initializing' : truncation from 'double' to 'const Float'
c:\users\spencer\documents\homework\cs225a\tetrisbot\simple_client_2014\include\param.h(54): warning C4305: 'initializing' : truncation from 'double' to 'const Float'
c:\users\spencer\documents\homework\cs225a\tetrisbot\simple_client_2014\include\param.h(60): warning C4305: 'initializing' : truncation from 'double' to 'const Float'
c:\users\spencer\documents\homework\cs225a\tetrisbot\simple_client_2014\include\param.h(61): warning C4305: 'initializing' : truncation from 'double' to 'const Float'
c:\users\spencer\documents\homework\cs225a\tetrisbot\simple_client_2014\include\param.h(62): warning C4305: 'initializing' : truncation from 'double' to 'const Float'
c:\users\spencer\documents\homework\cs225a\tetrisbot\simple_client_2014\include\param.h(63): warning C4305: 'initializing' : truncation from 'double' to 'const Float'
c:\users\spencer\documents\homework\cs225a\tetrisbot\simple_client_2014\include\param.h(65): warning C4305: 'initializing' : truncation from 'double' to 'const Float'
c:\users\spencer\documents\homework\cs225a\tetrisbot\simple_client_2014\include\param.h(66): warning C4305: 'initializing' : truncation from 'double' to 'const Float'
c:\users\spencer\documents\homework\cs225a\tetrisbot\simple_client_2014\include\param.h(67): warning C4305: 'initializing' : truncation from 'double' to 'const Float'
c:\users\spencer\documents\homework\cs225a\tetrisbot\simple_client_2014\include\param.h(68): warning C4305: 'initializing' : truncation from 'double' to 'const Float'
c:\users\spencer\documents\homework\cs225a\tetrisbot\simple_client_2014\pumaclient.cpp(25): fatal error C1083: Cannot open include file: 'opencv2/objdetect/objdetect.hpp': No such file or directory
Done Building Project "C:\Users\Spencer\Documents\Homework\CS225a\tetrisbot\simple_client_2014\PumaClient.vcxproj" (build target(s)) -- FAILED.

Build FAILED.

Time Elapsed 00:00:01.46
